{"D:\\TOP\\battleShip\\src\\controller.js": {"path":"D:\\TOP\\battleShip\\src\\controller.js","statementMap":{"0":{"start":{"line":5,"column":22},"end":{"line":5,"column":49}},"1":{"start":{"line":6,"column":34},"end":{"line":6,"column":71}},"2":{"start":{"line":11,"column":4},"end":{"line":11,"column":33}},"3":{"start":{"line":12,"column":4},"end":{"line":12,"column":41}},"4":{"start":{"line":16,"column":4},"end":{"line":16,"column":38}},"5":{"start":{"line":17,"column":4},"end":{"line":17,"column":40}},"6":{"start":{"line":21,"column":17},"end":{"line":21,"column":85}},"7":{"start":{"line":22,"column":4},"end":{"line":22,"column":26}},"8":{"start":{"line":23,"column":4},"end":{"line":23,"column":44}},"9":{"start":{"line":24,"column":4},"end":{"line":24,"column":37}},"10":{"start":{"line":25,"column":4},"end":{"line":25,"column":61}},"11":{"start":{"line":26,"column":4},"end":{"line":26,"column":47}},"12":{"start":{"line":28,"column":4},"end":{"line":28,"column":32}},"13":{"start":{"line":32,"column":17},"end":{"line":32,"column":85}},"14":{"start":{"line":33,"column":4},"end":{"line":33,"column":26}},"15":{"start":{"line":34,"column":4},"end":{"line":34,"column":43}},"16":{"start":{"line":35,"column":4},"end":{"line":35,"column":37}},"17":{"start":{"line":36,"column":4},"end":{"line":36,"column":32}},"18":{"start":{"line":40,"column":4},"end":{"line":40,"column":61}},"19":{"start":{"line":41,"column":4},"end":{"line":41,"column":42}},"20":{"start":{"line":48,"column":33},"end":{"line":48,"column":102}},"21":{"start":{"line":49,"column":35},"end":{"line":49,"column":104}},"22":{"start":{"line":51,"column":4},"end":{"line":63,"column":5}},"23":{"start":{"line":52,"column":8},"end":{"line":52,"column":56}},"24":{"start":{"line":53,"column":8},"end":{"line":53,"column":60}},"25":{"start":{"line":54,"column":8},"end":{"line":54,"column":80}},"26":{"start":{"line":55,"column":8},"end":{"line":55,"column":67}},"27":{"start":{"line":56,"column":8},"end":{"line":56,"column":23}},"28":{"start":{"line":57,"column":11},"end":{"line":63,"column":5}},"29":{"start":{"line":58,"column":8},"end":{"line":58,"column":58}},"30":{"start":{"line":59,"column":8},"end":{"line":59,"column":62}},"31":{"start":{"line":60,"column":8},"end":{"line":60,"column":82}},"32":{"start":{"line":61,"column":8},"end":{"line":61,"column":69}},"33":{"start":{"line":62,"column":8},"end":{"line":62,"column":23}}},"fnMap":{"0":{"name":"displayPlayerTurn","decl":{"start":{"line":10,"column":9},"end":{"line":10,"column":26}},"loc":{"start":{"line":10,"column":30},"end":{"line":13,"column":1}},"line":10},"1":{"name":"displayComputerTurn","decl":{"start":{"line":15,"column":9},"end":{"line":15,"column":28}},"loc":{"start":{"line":15,"column":32},"end":{"line":18,"column":1}},"line":15},"2":{"name":"destroyedComputerLocation","decl":{"start":{"line":20,"column":9},"end":{"line":20,"column":34}},"loc":{"start":{"line":20,"column":48},"end":{"line":29,"column":1}},"line":20},"3":{"name":"destroyedPlayerLocation","decl":{"start":{"line":31,"column":9},"end":{"line":31,"column":32}},"loc":{"start":{"line":31,"column":46},"end":{"line":37,"column":1}},"line":31},"4":{"name":"displayWinner","decl":{"start":{"line":39,"column":9},"end":{"line":39,"column":22}},"loc":{"start":{"line":39,"column":51},"end":{"line":43,"column":1}},"line":39},"5":{"name":"displayMissedShot","decl":{"start":{"line":47,"column":9},"end":{"line":47,"column":26}},"loc":{"start":{"line":47,"column":49},"end":{"line":64,"column":1}},"line":47}},"branchMap":{"0":{"loc":{"start":{"line":51,"column":4},"end":{"line":63,"column":5}},"type":"if","locations":[{"start":{"line":51,"column":4},"end":{"line":63,"column":5}},{"start":{"line":51,"column":4},"end":{"line":63,"column":5}}],"line":51},"1":{"loc":{"start":{"line":57,"column":11},"end":{"line":63,"column":5}},"type":"if","locations":[{"start":{"line":57,"column":11},"end":{"line":63,"column":5}},{"start":{"line":57,"column":11},"end":{"line":63,"column":5}}],"line":57}},"s":{"0":1,"1":1,"2":0,"3":0,"4":0,"5":0,"6":0,"7":0,"8":0,"9":0,"10":0,"11":0,"12":0,"13":0,"14":0,"15":0,"16":0,"17":0,"18":0,"19":0,"20":4,"21":4,"22":4,"23":0,"24":0,"25":0,"26":0,"27":0,"28":4,"29":0,"30":0,"31":0,"32":0,"33":0},"f":{"0":0,"1":0,"2":0,"3":0,"4":0,"5":4},"b":{"0":[0,4],"1":[0,4]},"_coverageSchema":"1a1c01bbd47fc00a2c39e90264f33305004495a9","hash":"5c360f4be13d50553d9cdf9b0a41597ac6caf013"}
,"D:\\TOP\\battleShip\\src\\gameboard.js": {"path":"D:\\TOP\\battleShip\\src\\gameboard.js","statementMap":{"0":{"start":{"line":2,"column":24},"end":{"line":2,"column":26}},"1":{"start":{"line":3,"column":24},"end":{"line":3,"column":26}},"2":{"start":{"line":5,"column":0},"end":{"line":10,"column":1}},"3":{"start":{"line":5,"column":13},"end":{"line":5,"column":14}},"4":{"start":{"line":6,"column":2},"end":{"line":9,"column":3}},"5":{"start":{"line":6,"column":15},"end":{"line":6,"column":16}},"6":{"start":{"line":7,"column":4},"end":{"line":7,"column":28}},"7":{"start":{"line":8,"column":4},"end":{"line":8,"column":28}},"8":{"start":{"line":14,"column":2},"end":{"line":22,"column":3}},"9":{"start":{"line":14,"column":15},"end":{"line":14,"column":16}},"10":{"start":{"line":15,"column":4},"end":{"line":21,"column":5}},"11":{"start":{"line":15,"column":17},"end":{"line":15,"column":18}},"12":{"start":{"line":16,"column":23},"end":{"line":16,"column":52}},"13":{"start":{"line":17,"column":6},"end":{"line":17,"column":53}},"14":{"start":{"line":18,"column":6},"end":{"line":18,"column":45}},"15":{"start":{"line":19,"column":6},"end":{"line":19,"column":69}},"16":{"start":{"line":24,"column":2},"end":{"line":31,"column":3}},"17":{"start":{"line":24,"column":15},"end":{"line":24,"column":16}},"18":{"start":{"line":25,"column":4},"end":{"line":30,"column":5}},"19":{"start":{"line":25,"column":17},"end":{"line":25,"column":18}},"20":{"start":{"line":26,"column":23},"end":{"line":26,"column":52}},"21":{"start":{"line":27,"column":6},"end":{"line":27,"column":53}},"22":{"start":{"line":28,"column":6},"end":{"line":28,"column":45}},"23":{"start":{"line":29,"column":6},"end":{"line":29,"column":69}}},"fnMap":{"0":{"name":"renderGameBoards","decl":{"start":{"line":12,"column":16},"end":{"line":12,"column":32}},"loc":{"start":{"line":12,"column":35},"end":{"line":34,"column":1}},"line":12}},"branchMap":{},"s":{"0":1,"1":1,"2":1,"3":1,"4":10,"5":10,"6":100,"7":100,"8":0,"9":0,"10":0,"11":0,"12":0,"13":0,"14":0,"15":0,"16":0,"17":0,"18":0,"19":0,"20":0,"21":0,"22":0,"23":0},"f":{"0":0},"b":{},"_coverageSchema":"1a1c01bbd47fc00a2c39e90264f33305004495a9","hash":"58eb30f22b0f9403f6d6181e258ea7f9fb6446ae"}
,"D:\\TOP\\battleShip\\src\\players.js": {"path":"D:\\TOP\\battleShip\\src\\players.js","statementMap":{"0":{"start":{"line":4,"column":8},"end":{"line":4,"column":31}},"1":{"start":{"line":5,"column":8},"end":{"line":5,"column":27}},"2":{"start":{"line":6,"column":8},"end":{"line":6,"column":55}},"3":{"start":{"line":7,"column":8},"end":{"line":7,"column":47}},"4":{"start":{"line":8,"column":8},"end":{"line":8,"column":39}},"5":{"start":{"line":9,"column":8},"end":{"line":9,"column":53}},"6":{"start":{"line":10,"column":8},"end":{"line":10,"column":49}},"7":{"start":{"line":11,"column":8},"end":{"line":11,"column":47}},"8":{"start":{"line":17,"column":30},"end":{"line":17,"column":32}},"9":{"start":{"line":18,"column":31},"end":{"line":18,"column":33}},"10":{"start":{"line":20,"column":4},"end":{"line":25,"column":5}},"11":{"start":{"line":21,"column":8},"end":{"line":21,"column":43}},"12":{"start":{"line":23,"column":8},"end":{"line":23,"column":57}},"13":{"start":{"line":24,"column":8},"end":{"line":24,"column":68}},"14":{"start":{"line":29,"column":4},"end":{"line":34,"column":5}},"15":{"start":{"line":30,"column":8},"end":{"line":30,"column":44}},"16":{"start":{"line":32,"column":8},"end":{"line":32,"column":57}},"17":{"start":{"line":33,"column":8},"end":{"line":33,"column":69}},"18":{"start":{"line":37,"column":0},"end":{"line":40,"column":1}},"19":{"start":{"line":37,"column":13},"end":{"line":37,"column":14}},"20":{"start":{"line":38,"column":23},"end":{"line":38,"column":57}},"21":{"start":{"line":39,"column":4},"end":{"line":39,"column":64}},"22":{"start":{"line":42,"column":0},"end":{"line":45,"column":1}},"23":{"start":{"line":42,"column":13},"end":{"line":42,"column":14}},"24":{"start":{"line":43,"column":23},"end":{"line":43,"column":57}},"25":{"start":{"line":44,"column":4},"end":{"line":44,"column":65}},"26":{"start":{"line":49,"column":22},"end":{"line":90,"column":26}},"27":{"start":{"line":92,"column":22},"end":{"line":133,"column":26}}},"fnMap":{"0":{"name":"(anonymous_0)","decl":{"start":{"line":2,"column":4},"end":{"line":2,"column":5}},"loc":{"start":{"line":3,"column":64},"end":{"line":12,"column":5}},"line":3},"1":{"name":"checkForAvailabilityAndPushTorandomNumbersArr","decl":{"start":{"line":19,"column":9},"end":{"line":19,"column":54}},"loc":{"start":{"line":19,"column":70},"end":{"line":26,"column":1}},"line":19},"2":{"name":"checkForAvailabilityAndPushTorandomNumbersArr2","decl":{"start":{"line":28,"column":9},"end":{"line":28,"column":55}},"loc":{"start":{"line":28,"column":71},"end":{"line":35,"column":1}},"line":28}},"branchMap":{"0":{"loc":{"start":{"line":20,"column":4},"end":{"line":25,"column":5}},"type":"if","locations":[{"start":{"line":20,"column":4},"end":{"line":25,"column":5}},{"start":{"line":20,"column":4},"end":{"line":25,"column":5}}],"line":20},"1":{"loc":{"start":{"line":29,"column":4},"end":{"line":34,"column":5}},"type":"if","locations":[{"start":{"line":29,"column":4},"end":{"line":34,"column":5}},{"start":{"line":29,"column":4},"end":{"line":34,"column":5}}],"line":29}},"s":{"0":5,"1":5,"2":5,"3":5,"4":5,"5":5,"6":5,"7":5,"8":2,"9":2,"10":62,"11":20,"12":42,"13":42,"14":72,"15":20,"16":52,"17":52,"18":2,"19":2,"20":20,"21":20,"22":2,"23":2,"24":20,"25":20,"26":2,"27":2},"f":{"0":5,"1":62,"2":72},"b":{"0":[20,42],"1":[20,52]},"_coverageSchema":"1a1c01bbd47fc00a2c39e90264f33305004495a9","hash":"d386499a4c2d2d459cbb05d12667323348a8b71b"}
,"D:\\TOP\\battleShip\\src\\ship.js": {"path":"D:\\TOP\\battleShip\\src\\ship.js","statementMap":{"0":{"start":{"line":6,"column":20},"end":{"line":6,"column":53}},"1":{"start":{"line":7,"column":18},"end":{"line":7,"column":49}},"2":{"start":{"line":8,"column":21},"end":{"line":8,"column":63}},"3":{"start":{"line":9,"column":24},"end":{"line":9,"column":68}},"4":{"start":{"line":10,"column":15},"end":{"line":10,"column":43}},"5":{"start":{"line":13,"column":4},"end":{"line":13,"column":31}},"6":{"start":{"line":14,"column":4},"end":{"line":14,"column":25}},"7":{"start":{"line":18,"column":17},"end":{"line":41,"column":1}},"8":{"start":{"line":19,"column":4},"end":{"line":31,"column":5}},"9":{"start":{"line":19,"column":17},"end":{"line":19,"column":18}},"10":{"start":{"line":20,"column":8},"end":{"line":30,"column":9}},"11":{"start":{"line":20,"column":21},"end":{"line":20,"column":22}},"12":{"start":{"line":21,"column":12},"end":{"line":29,"column":13}},"13":{"start":{"line":25,"column":16},"end":{"line":25,"column":57}},"14":{"start":{"line":26,"column":16},"end":{"line":26,"column":63}},"15":{"start":{"line":33,"column":4},"end":{"line":39,"column":5}},"16":{"start":{"line":35,"column":6},"end":{"line":35,"column":45}},"17":{"start":{"line":36,"column":6},"end":{"line":36,"column":49}},"18":{"start":{"line":47,"column":2},"end":{"line":47,"column":43}},"19":{"start":{"line":48,"column":2},"end":{"line":48,"column":44}},"20":{"start":{"line":53,"column":2},"end":{"line":59,"column":3}},"21":{"start":{"line":54,"column":4},"end":{"line":54,"column":44}},"22":{"start":{"line":57,"column":4},"end":{"line":57,"column":47}},"23":{"start":{"line":64,"column":2},"end":{"line":66,"column":3}},"24":{"start":{"line":65,"column":4},"end":{"line":65,"column":15}},"25":{"start":{"line":71,"column":2},"end":{"line":71,"column":47}},"26":{"start":{"line":74,"column":14},"end":{"line":74,"column":65}},"27":{"start":{"line":74,"column":31},"end":{"line":74,"column":65}},"28":{"start":{"line":74,"column":49},"end":{"line":74,"column":64}},"29":{"start":{"line":77,"column":2},"end":{"line":87,"column":3}},"30":{"start":{"line":77,"column":15},"end":{"line":77,"column":16}},"31":{"start":{"line":78,"column":21},"end":{"line":78,"column":64}},"32":{"start":{"line":79,"column":21},"end":{"line":79,"column":67}},"33":{"start":{"line":80,"column":6},"end":{"line":86,"column":5}},"34":{"start":{"line":81,"column":8},"end":{"line":85,"column":7}},"35":{"start":{"line":82,"column":10},"end":{"line":82,"column":18}},"36":{"start":{"line":84,"column":10},"end":{"line":84,"column":54}},"37":{"start":{"line":93,"column":4},"end":{"line":99,"column":5}},"38":{"start":{"line":93,"column":17},"end":{"line":93,"column":18}},"39":{"start":{"line":94,"column":6},"end":{"line":98,"column":7}},"40":{"start":{"line":94,"column":19},"end":{"line":94,"column":20}},"41":{"start":{"line":95,"column":21},"end":{"line":95,"column":109}},"42":{"start":{"line":96,"column":8},"end":{"line":96,"column":65}},"43":{"start":{"line":97,"column":8},"end":{"line":97,"column":51}},"44":{"start":{"line":104,"column":2},"end":{"line":116,"column":3}},"45":{"start":{"line":104,"column":15},"end":{"line":104,"column":16}},"46":{"start":{"line":105,"column":4},"end":{"line":114,"column":5}},"47":{"start":{"line":105,"column":17},"end":{"line":105,"column":18}},"48":{"start":{"line":106,"column":6},"end":{"line":113,"column":7}},"49":{"start":{"line":112,"column":8},"end":{"line":112,"column":20}},"50":{"start":{"line":115,"column":4},"end":{"line":115,"column":17}},"51":{"start":{"line":120,"column":33},"end":{"line":122,"column":1}},"52":{"start":{"line":121,"column":4},"end":{"line":121,"column":41}},"53":{"start":{"line":128,"column":40},"end":{"line":128,"column":74}},"54":{"start":{"line":129,"column":41},"end":{"line":129,"column":76}},"55":{"start":{"line":131,"column":38},"end":{"line":131,"column":62}},"56":{"start":{"line":132,"column":39},"end":{"line":132,"column":64}},"57":{"start":{"line":135,"column":4},"end":{"line":163,"column":5}},"58":{"start":{"line":137,"column":6},"end":{"line":137,"column":17}},"59":{"start":{"line":138,"column":6},"end":{"line":138,"column":28}},"60":{"start":{"line":139,"column":6},"end":{"line":139,"column":40}},"61":{"start":{"line":140,"column":6},"end":{"line":140,"column":35}},"62":{"start":{"line":141,"column":6},"end":{"line":141,"column":33}},"63":{"start":{"line":142,"column":6},"end":{"line":142,"column":37}},"64":{"start":{"line":143,"column":6},"end":{"line":143,"column":40}},"65":{"start":{"line":144,"column":6},"end":{"line":144,"column":21}},"66":{"start":{"line":145,"column":6},"end":{"line":145,"column":26}},"67":{"start":{"line":146,"column":6},"end":{"line":146,"column":40}},"68":{"start":{"line":148,"column":11},"end":{"line":163,"column":5}},"69":{"start":{"line":150,"column":6},"end":{"line":150,"column":17}},"70":{"start":{"line":151,"column":6},"end":{"line":151,"column":28}},"71":{"start":{"line":152,"column":6},"end":{"line":152,"column":40}},"72":{"start":{"line":153,"column":6},"end":{"line":153,"column":35}},"73":{"start":{"line":154,"column":6},"end":{"line":154,"column":34}},"74":{"start":{"line":155,"column":6},"end":{"line":155,"column":37}},"75":{"start":{"line":156,"column":6},"end":{"line":156,"column":40}},"76":{"start":{"line":157,"column":6},"end":{"line":157,"column":21}},"77":{"start":{"line":158,"column":6},"end":{"line":158,"column":26}},"78":{"start":{"line":159,"column":6},"end":{"line":159,"column":40}},"79":{"start":{"line":162,"column":6},"end":{"line":162,"column":35}}},"fnMap":{"0":{"name":"(anonymous_0)","decl":{"start":{"line":12,"column":2},"end":{"line":12,"column":3}},"loc":{"start":{"line":12,"column":33},"end":{"line":15,"column":3}},"line":12},"1":{"name":"(anonymous_1)","decl":{"start":{"line":18,"column":17},"end":{"line":18,"column":18}},"loc":{"start":{"line":18,"column":48},"end":{"line":41,"column":1}},"line":18},"2":{"name":"pushToAllShotLocations","decl":{"start":{"line":46,"column":16},"end":{"line":46,"column":38}},"loc":{"start":{"line":46,"column":61},"end":{"line":50,"column":1}},"line":46},"3":{"name":"pushToUniqueLocations","decl":{"start":{"line":52,"column":16},"end":{"line":52,"column":37}},"loc":{"start":{"line":52,"column":60},"end":{"line":61,"column":1}},"line":52},"4":{"name":"checkForDups","decl":{"start":{"line":63,"column":16},"end":{"line":63,"column":28}},"loc":{"start":{"line":63,"column":51},"end":{"line":67,"column":1}},"line":63},"5":{"name":"pushToAllDamagedLocations","decl":{"start":{"line":70,"column":16},"end":{"line":70,"column":41}},"loc":{"start":{"line":70,"column":63},"end":{"line":72,"column":1}},"line":70},"6":{"name":"(anonymous_6)","decl":{"start":{"line":74,"column":14},"end":{"line":74,"column":15}},"loc":{"start":{"line":74,"column":31},"end":{"line":74,"column":65}},"line":74},"7":{"name":"(anonymous_7)","decl":{"start":{"line":74,"column":44},"end":{"line":74,"column":45}},"loc":{"start":{"line":74,"column":49},"end":{"line":74,"column":64}},"line":74},"8":{"name":"pushToAllDamagedShips","decl":{"start":{"line":75,"column":16},"end":{"line":75,"column":37}},"loc":{"start":{"line":75,"column":46},"end":{"line":88,"column":1}},"line":75},"9":{"name":"showPlayerShipsLocations","decl":{"start":{"line":92,"column":16},"end":{"line":92,"column":40}},"loc":{"start":{"line":92,"column":44},"end":{"line":101,"column":1}},"line":92},"10":{"name":"checkForDamagedLocations","decl":{"start":{"line":103,"column":16},"end":{"line":103,"column":40}},"loc":{"start":{"line":103,"column":62},"end":{"line":117,"column":1}},"line":103},"11":{"name":"(anonymous_11)","decl":{"start":{"line":120,"column":33},"end":{"line":120,"column":34}},"loc":{"start":{"line":120,"column":58},"end":{"line":122,"column":1}},"line":120},"12":{"name":"checkWinner","decl":{"start":{"line":125,"column":16},"end":{"line":125,"column":27}},"loc":{"start":{"line":125,"column":55},"end":{"line":164,"column":1}},"line":125}},"branchMap":{"0":{"loc":{"start":{"line":21,"column":12},"end":{"line":29,"column":13}},"type":"if","locations":[{"start":{"line":21,"column":12},"end":{"line":29,"column":13}},{"start":{"line":21,"column":12},"end":{"line":29,"column":13}}],"line":21},"1":{"loc":{"start":{"line":22,"column":16},"end":{"line":23,"column":66}},"type":"binary-expr","locations":[{"start":{"line":22,"column":16},"end":{"line":22,"column":66}},{"start":{"line":23,"column":16},"end":{"line":23,"column":66}}],"line":22},"2":{"loc":{"start":{"line":33,"column":4},"end":{"line":39,"column":5}},"type":"if","locations":[{"start":{"line":33,"column":4},"end":{"line":39,"column":5}},{"start":{"line":33,"column":4},"end":{"line":39,"column":5}}],"line":33},"3":{"loc":{"start":{"line":53,"column":2},"end":{"line":59,"column":3}},"type":"if","locations":[{"start":{"line":53,"column":2},"end":{"line":59,"column":3}},{"start":{"line":53,"column":2},"end":{"line":59,"column":3}}],"line":53},"4":{"loc":{"start":{"line":64,"column":2},"end":{"line":66,"column":3}},"type":"if","locations":[{"start":{"line":64,"column":2},"end":{"line":66,"column":3}},{"start":{"line":64,"column":2},"end":{"line":66,"column":3}}],"line":64},"5":{"loc":{"start":{"line":80,"column":6},"end":{"line":86,"column":5}},"type":"if","locations":[{"start":{"line":80,"column":6},"end":{"line":86,"column":5}},{"start":{"line":80,"column":6},"end":{"line":86,"column":5}}],"line":80},"6":{"loc":{"start":{"line":81,"column":8},"end":{"line":85,"column":7}},"type":"if","locations":[{"start":{"line":81,"column":8},"end":{"line":85,"column":7}},{"start":{"line":81,"column":8},"end":{"line":85,"column":7}}],"line":81},"7":{"loc":{"start":{"line":106,"column":6},"end":{"line":113,"column":7}},"type":"if","locations":[{"start":{"line":106,"column":6},"end":{"line":113,"column":7}},{"start":{"line":106,"column":6},"end":{"line":113,"column":7}}],"line":106},"8":{"loc":{"start":{"line":107,"column":8},"end":{"line":110,"column":59}},"type":"binary-expr","locations":[{"start":{"line":107,"column":8},"end":{"line":107,"column":55}},{"start":{"line":108,"column":8},"end":{"line":108,"column":55}},{"start":{"line":109,"column":8},"end":{"line":109,"column":59}},{"start":{"line":110,"column":8},"end":{"line":110,"column":59}}],"line":107},"9":{"loc":{"start":{"line":135,"column":4},"end":{"line":163,"column":5}},"type":"if","locations":[{"start":{"line":135,"column":4},"end":{"line":163,"column":5}},{"start":{"line":135,"column":4},"end":{"line":163,"column":5}}],"line":135},"10":{"loc":{"start":{"line":135,"column":8},"end":{"line":136,"column":72}},"type":"binary-expr","locations":[{"start":{"line":135,"column":8},"end":{"line":135,"column":70}},{"start":{"line":136,"column":9},"end":{"line":136,"column":72}}],"line":135},"11":{"loc":{"start":{"line":148,"column":11},"end":{"line":163,"column":5}},"type":"if","locations":[{"start":{"line":148,"column":11},"end":{"line":163,"column":5}},{"start":{"line":148,"column":11},"end":{"line":163,"column":5}}],"line":148},"12":{"loc":{"start":{"line":148,"column":15},"end":{"line":149,"column":70}},"type":"binary-expr","locations":[{"start":{"line":148,"column":15},"end":{"line":148,"column":77}},{"start":{"line":149,"column":9},"end":{"line":149,"column":70}}],"line":148}},"s":{"0":1,"1":1,"2":1,"3":1,"4":1,"5":1,"6":1,"7":1,"8":20,"9":20,"10":30,"11":30,"12":65,"13":16,"14":16,"15":20,"16":4,"17":4,"18":2,"19":2,"20":2,"21":1,"22":1,"23":0,"24":0,"25":16,"26":1,"27":2,"28":7,"29":1,"30":1,"31":2,"32":2,"33":2,"34":1,"35":0,"36":1,"37":0,"38":0,"39":0,"40":0,"41":0,"42":0,"43":0,"44":3,"45":3,"46":3,"47":3,"48":5,"49":2,"50":1,"51":1,"52":4,"53":1,"54":1,"55":1,"56":1,"57":1,"58":1,"59":1,"60":1,"61":1,"62":0,"63":0,"64":0,"65":0,"66":0,"67":0,"68":0,"69":0,"70":0,"71":0,"72":0,"73":0,"74":0,"75":0,"76":0,"77":0,"78":0,"79":0},"f":{"0":1,"1":20,"2":2,"3":2,"4":0,"5":16,"6":2,"7":7,"8":1,"9":0,"10":3,"11":4,"12":1},"b":{"0":[16,49],"1":[65,36],"2":[4,16],"3":[1,1],"4":[0,0],"5":[1,1],"6":[0,1],"7":[2,3],"8":[5,3,2,2],"9":[1,0],"10":[1,1],"11":[0,0],"12":[0,0]},"_coverageSchema":"1a1c01bbd47fc00a2c39e90264f33305004495a9","hash":"38741bdf6d79a4cf3cef8d40ac1a84dd9575b7c2"}
}
