{"D:\\TOP\\battleShip\\src\\controller.js": {"path":"D:\\TOP\\battleShip\\src\\controller.js","statementMap":{"0":{"start":{"line":5,"column":22},"end":{"line":5,"column":49}},"1":{"start":{"line":6,"column":34},"end":{"line":6,"column":71}},"2":{"start":{"line":11,"column":4},"end":{"line":11,"column":33}},"3":{"start":{"line":12,"column":4},"end":{"line":12,"column":41}},"4":{"start":{"line":16,"column":4},"end":{"line":16,"column":38}},"5":{"start":{"line":17,"column":4},"end":{"line":17,"column":40}},"6":{"start":{"line":21,"column":17},"end":{"line":21,"column":85}},"7":{"start":{"line":22,"column":4},"end":{"line":22,"column":26}},"8":{"start":{"line":23,"column":4},"end":{"line":23,"column":44}},"9":{"start":{"line":24,"column":4},"end":{"line":24,"column":37}},"10":{"start":{"line":25,"column":4},"end":{"line":25,"column":61}},"11":{"start":{"line":26,"column":4},"end":{"line":26,"column":47}},"12":{"start":{"line":28,"column":4},"end":{"line":28,"column":32}},"13":{"start":{"line":32,"column":17},"end":{"line":32,"column":85}},"14":{"start":{"line":33,"column":4},"end":{"line":33,"column":26}},"15":{"start":{"line":34,"column":4},"end":{"line":34,"column":43}},"16":{"start":{"line":35,"column":4},"end":{"line":35,"column":37}},"17":{"start":{"line":36,"column":4},"end":{"line":36,"column":32}},"18":{"start":{"line":40,"column":4},"end":{"line":40,"column":61}},"19":{"start":{"line":41,"column":4},"end":{"line":41,"column":42}},"20":{"start":{"line":48,"column":33},"end":{"line":48,"column":102}},"21":{"start":{"line":49,"column":35},"end":{"line":49,"column":104}},"22":{"start":{"line":51,"column":4},"end":{"line":63,"column":5}},"23":{"start":{"line":52,"column":8},"end":{"line":52,"column":56}},"24":{"start":{"line":53,"column":8},"end":{"line":53,"column":63}},"25":{"start":{"line":54,"column":8},"end":{"line":54,"column":80}},"26":{"start":{"line":55,"column":8},"end":{"line":55,"column":67}},"27":{"start":{"line":56,"column":8},"end":{"line":56,"column":23}},"28":{"start":{"line":57,"column":11},"end":{"line":63,"column":5}},"29":{"start":{"line":58,"column":8},"end":{"line":58,"column":58}},"30":{"start":{"line":59,"column":8},"end":{"line":59,"column":65}},"31":{"start":{"line":60,"column":8},"end":{"line":60,"column":82}},"32":{"start":{"line":61,"column":8},"end":{"line":61,"column":69}},"33":{"start":{"line":62,"column":8},"end":{"line":62,"column":23}}},"fnMap":{"0":{"name":"displayPlayerTurn","decl":{"start":{"line":10,"column":9},"end":{"line":10,"column":26}},"loc":{"start":{"line":10,"column":30},"end":{"line":13,"column":1}},"line":10},"1":{"name":"displayComputerTurn","decl":{"start":{"line":15,"column":9},"end":{"line":15,"column":28}},"loc":{"start":{"line":15,"column":32},"end":{"line":18,"column":1}},"line":15},"2":{"name":"destroyedComputerLocation","decl":{"start":{"line":20,"column":9},"end":{"line":20,"column":34}},"loc":{"start":{"line":20,"column":48},"end":{"line":29,"column":1}},"line":20},"3":{"name":"destroyedPlayerLocation","decl":{"start":{"line":31,"column":9},"end":{"line":31,"column":32}},"loc":{"start":{"line":31,"column":46},"end":{"line":37,"column":1}},"line":31},"4":{"name":"displayWinner","decl":{"start":{"line":39,"column":9},"end":{"line":39,"column":22}},"loc":{"start":{"line":39,"column":51},"end":{"line":43,"column":1}},"line":39},"5":{"name":"displayMissedShot","decl":{"start":{"line":47,"column":9},"end":{"line":47,"column":26}},"loc":{"start":{"line":47,"column":49},"end":{"line":64,"column":1}},"line":47}},"branchMap":{"0":{"loc":{"start":{"line":51,"column":4},"end":{"line":63,"column":5}},"type":"if","locations":[{"start":{"line":51,"column":4},"end":{"line":63,"column":5}},{"start":{"line":51,"column":4},"end":{"line":63,"column":5}}],"line":51},"1":{"loc":{"start":{"line":57,"column":11},"end":{"line":63,"column":5}},"type":"if","locations":[{"start":{"line":57,"column":11},"end":{"line":63,"column":5}},{"start":{"line":57,"column":11},"end":{"line":63,"column":5}}],"line":57}},"s":{"0":1,"1":1,"2":0,"3":0,"4":0,"5":0,"6":0,"7":0,"8":0,"9":0,"10":0,"11":0,"12":0,"13":0,"14":0,"15":0,"16":0,"17":0,"18":0,"19":0,"20":4,"21":4,"22":4,"23":0,"24":0,"25":0,"26":0,"27":0,"28":4,"29":0,"30":0,"31":0,"32":0,"33":0},"f":{"0":0,"1":0,"2":0,"3":0,"4":0,"5":4},"b":{"0":[0,4],"1":[0,4]},"_coverageSchema":"1a1c01bbd47fc00a2c39e90264f33305004495a9","hash":"3e99eca46089970853f6a8308682874bdec3d124"}
,"D:\\TOP\\battleShip\\src\\gameboard.js": {"path":"D:\\TOP\\battleShip\\src\\gameboard.js","statementMap":{"0":{"start":{"line":2,"column":24},"end":{"line":2,"column":26}},"1":{"start":{"line":3,"column":24},"end":{"line":3,"column":26}},"2":{"start":{"line":5,"column":0},"end":{"line":10,"column":1}},"3":{"start":{"line":5,"column":13},"end":{"line":5,"column":14}},"4":{"start":{"line":6,"column":2},"end":{"line":9,"column":3}},"5":{"start":{"line":6,"column":15},"end":{"line":6,"column":16}},"6":{"start":{"line":7,"column":4},"end":{"line":7,"column":28}},"7":{"start":{"line":8,"column":4},"end":{"line":8,"column":28}},"8":{"start":{"line":14,"column":2},"end":{"line":22,"column":3}},"9":{"start":{"line":14,"column":15},"end":{"line":14,"column":16}},"10":{"start":{"line":15,"column":4},"end":{"line":21,"column":5}},"11":{"start":{"line":15,"column":17},"end":{"line":15,"column":18}},"12":{"start":{"line":16,"column":23},"end":{"line":16,"column":52}},"13":{"start":{"line":17,"column":6},"end":{"line":17,"column":53}},"14":{"start":{"line":18,"column":6},"end":{"line":18,"column":45}},"15":{"start":{"line":19,"column":6},"end":{"line":19,"column":69}},"16":{"start":{"line":24,"column":2},"end":{"line":31,"column":3}},"17":{"start":{"line":24,"column":15},"end":{"line":24,"column":16}},"18":{"start":{"line":25,"column":4},"end":{"line":30,"column":5}},"19":{"start":{"line":25,"column":17},"end":{"line":25,"column":18}},"20":{"start":{"line":26,"column":23},"end":{"line":26,"column":52}},"21":{"start":{"line":27,"column":6},"end":{"line":27,"column":53}},"22":{"start":{"line":28,"column":6},"end":{"line":28,"column":45}},"23":{"start":{"line":29,"column":6},"end":{"line":29,"column":69}}},"fnMap":{"0":{"name":"renderGameBoards","decl":{"start":{"line":12,"column":16},"end":{"line":12,"column":32}},"loc":{"start":{"line":12,"column":35},"end":{"line":34,"column":1}},"line":12}},"branchMap":{},"s":{"0":1,"1":1,"2":1,"3":1,"4":10,"5":10,"6":100,"7":100,"8":0,"9":0,"10":0,"11":0,"12":0,"13":0,"14":0,"15":0,"16":0,"17":0,"18":0,"19":0,"20":0,"21":0,"22":0,"23":0},"f":{"0":0},"b":{},"_coverageSchema":"1a1c01bbd47fc00a2c39e90264f33305004495a9","hash":"58eb30f22b0f9403f6d6181e258ea7f9fb6446ae"}
,"D:\\TOP\\battleShip\\src\\players.js": {"path":"D:\\TOP\\battleShip\\src\\players.js","statementMap":{"0":{"start":{"line":4,"column":8},"end":{"line":4,"column":31}},"1":{"start":{"line":5,"column":8},"end":{"line":5,"column":27}},"2":{"start":{"line":6,"column":8},"end":{"line":6,"column":55}},"3":{"start":{"line":7,"column":8},"end":{"line":7,"column":47}},"4":{"start":{"line":8,"column":8},"end":{"line":8,"column":39}},"5":{"start":{"line":9,"column":8},"end":{"line":9,"column":53}},"6":{"start":{"line":10,"column":8},"end":{"line":10,"column":49}},"7":{"start":{"line":11,"column":8},"end":{"line":11,"column":47}},"8":{"start":{"line":17,"column":30},"end":{"line":17,"column":32}},"9":{"start":{"line":18,"column":31},"end":{"line":18,"column":33}},"10":{"start":{"line":20,"column":4},"end":{"line":25,"column":5}},"11":{"start":{"line":21,"column":8},"end":{"line":21,"column":43}},"12":{"start":{"line":23,"column":8},"end":{"line":23,"column":57}},"13":{"start":{"line":24,"column":8},"end":{"line":24,"column":68}},"14":{"start":{"line":29,"column":4},"end":{"line":34,"column":5}},"15":{"start":{"line":30,"column":8},"end":{"line":30,"column":44}},"16":{"start":{"line":32,"column":8},"end":{"line":32,"column":57}},"17":{"start":{"line":33,"column":8},"end":{"line":33,"column":69}},"18":{"start":{"line":37,"column":0},"end":{"line":40,"column":1}},"19":{"start":{"line":37,"column":13},"end":{"line":37,"column":14}},"20":{"start":{"line":38,"column":23},"end":{"line":38,"column":57}},"21":{"start":{"line":39,"column":4},"end":{"line":39,"column":64}},"22":{"start":{"line":42,"column":0},"end":{"line":45,"column":1}},"23":{"start":{"line":42,"column":13},"end":{"line":42,"column":14}},"24":{"start":{"line":43,"column":23},"end":{"line":43,"column":57}},"25":{"start":{"line":44,"column":4},"end":{"line":44,"column":65}},"26":{"start":{"line":49,"column":22},"end":{"line":90,"column":26}},"27":{"start":{"line":92,"column":22},"end":{"line":133,"column":26}}},"fnMap":{"0":{"name":"(anonymous_0)","decl":{"start":{"line":2,"column":4},"end":{"line":2,"column":5}},"loc":{"start":{"line":3,"column":64},"end":{"line":12,"column":5}},"line":3},"1":{"name":"checkForAvailabilityAndPushTorandomNumbersArr","decl":{"start":{"line":19,"column":9},"end":{"line":19,"column":54}},"loc":{"start":{"line":19,"column":70},"end":{"line":26,"column":1}},"line":19},"2":{"name":"checkForAvailabilityAndPushTorandomNumbersArr2","decl":{"start":{"line":28,"column":9},"end":{"line":28,"column":55}},"loc":{"start":{"line":28,"column":71},"end":{"line":35,"column":1}},"line":28}},"branchMap":{"0":{"loc":{"start":{"line":20,"column":4},"end":{"line":25,"column":5}},"type":"if","locations":[{"start":{"line":20,"column":4},"end":{"line":25,"column":5}},{"start":{"line":20,"column":4},"end":{"line":25,"column":5}}],"line":20},"1":{"loc":{"start":{"line":29,"column":4},"end":{"line":34,"column":5}},"type":"if","locations":[{"start":{"line":29,"column":4},"end":{"line":34,"column":5}},{"start":{"line":29,"column":4},"end":{"line":34,"column":5}}],"line":29}},"s":{"0":5,"1":5,"2":5,"3":5,"4":5,"5":5,"6":5,"7":5,"8":2,"9":2,"10":48,"11":20,"12":28,"13":28,"14":46,"15":20,"16":26,"17":26,"18":2,"19":2,"20":20,"21":20,"22":2,"23":2,"24":20,"25":20,"26":2,"27":2},"f":{"0":5,"1":48,"2":46},"b":{"0":[20,28],"1":[20,26]},"_coverageSchema":"1a1c01bbd47fc00a2c39e90264f33305004495a9","hash":"d386499a4c2d2d459cbb05d12667323348a8b71b"}
,"D:\\TOP\\battleShip\\src\\ship.js": {"path":"D:\\TOP\\battleShip\\src\\ship.js","statementMap":{"0":{"start":{"line":5,"column":20},"end":{"line":5,"column":53}},"1":{"start":{"line":6,"column":18},"end":{"line":6,"column":49}},"2":{"start":{"line":7,"column":21},"end":{"line":7,"column":63}},"3":{"start":{"line":8,"column":24},"end":{"line":8,"column":68}},"4":{"start":{"line":12,"column":4},"end":{"line":12,"column":31}},"5":{"start":{"line":13,"column":4},"end":{"line":13,"column":25}},"6":{"start":{"line":17,"column":17},"end":{"line":40,"column":1}},"7":{"start":{"line":18,"column":4},"end":{"line":30,"column":5}},"8":{"start":{"line":18,"column":17},"end":{"line":18,"column":18}},"9":{"start":{"line":19,"column":8},"end":{"line":29,"column":9}},"10":{"start":{"line":19,"column":21},"end":{"line":19,"column":22}},"11":{"start":{"line":20,"column":12},"end":{"line":28,"column":13}},"12":{"start":{"line":24,"column":16},"end":{"line":24,"column":57}},"13":{"start":{"line":25,"column":16},"end":{"line":25,"column":63}},"14":{"start":{"line":32,"column":4},"end":{"line":38,"column":5}},"15":{"start":{"line":34,"column":6},"end":{"line":34,"column":45}},"16":{"start":{"line":35,"column":6},"end":{"line":35,"column":49}},"17":{"start":{"line":46,"column":2},"end":{"line":46,"column":43}},"18":{"start":{"line":47,"column":2},"end":{"line":47,"column":44}},"19":{"start":{"line":52,"column":2},"end":{"line":59,"column":3}},"20":{"start":{"line":53,"column":4},"end":{"line":53,"column":44}},"21":{"start":{"line":57,"column":4},"end":{"line":57,"column":47}},"22":{"start":{"line":64,"column":4},"end":{"line":64,"column":50}},"23":{"start":{"line":65,"column":4},"end":{"line":65,"column":52}},"24":{"start":{"line":66,"column":4},"end":{"line":66,"column":56}},"25":{"start":{"line":68,"column":6},"end":{"line":70,"column":7}},"26":{"start":{"line":69,"column":8},"end":{"line":69,"column":19}},"27":{"start":{"line":76,"column":2},"end":{"line":76,"column":47}},"28":{"start":{"line":79,"column":14},"end":{"line":79,"column":65}},"29":{"start":{"line":79,"column":31},"end":{"line":79,"column":65}},"30":{"start":{"line":79,"column":49},"end":{"line":79,"column":64}},"31":{"start":{"line":82,"column":2},"end":{"line":92,"column":3}},"32":{"start":{"line":82,"column":15},"end":{"line":82,"column":16}},"33":{"start":{"line":83,"column":21},"end":{"line":83,"column":64}},"34":{"start":{"line":84,"column":21},"end":{"line":84,"column":67}},"35":{"start":{"line":85,"column":6},"end":{"line":91,"column":5}},"36":{"start":{"line":86,"column":8},"end":{"line":90,"column":7}},"37":{"start":{"line":87,"column":10},"end":{"line":87,"column":18}},"38":{"start":{"line":89,"column":10},"end":{"line":89,"column":54}},"39":{"start":{"line":98,"column":4},"end":{"line":104,"column":5}},"40":{"start":{"line":98,"column":17},"end":{"line":98,"column":18}},"41":{"start":{"line":99,"column":6},"end":{"line":103,"column":7}},"42":{"start":{"line":99,"column":19},"end":{"line":99,"column":20}},"43":{"start":{"line":100,"column":21},"end":{"line":100,"column":109}},"44":{"start":{"line":101,"column":8},"end":{"line":101,"column":65}},"45":{"start":{"line":102,"column":8},"end":{"line":102,"column":51}},"46":{"start":{"line":109,"column":2},"end":{"line":121,"column":3}},"47":{"start":{"line":109,"column":15},"end":{"line":109,"column":16}},"48":{"start":{"line":110,"column":4},"end":{"line":119,"column":5}},"49":{"start":{"line":110,"column":17},"end":{"line":110,"column":18}},"50":{"start":{"line":111,"column":6},"end":{"line":118,"column":7}},"51":{"start":{"line":117,"column":8},"end":{"line":117,"column":20}},"52":{"start":{"line":120,"column":4},"end":{"line":120,"column":17}},"53":{"start":{"line":125,"column":33},"end":{"line":127,"column":1}},"54":{"start":{"line":126,"column":4},"end":{"line":126,"column":41}},"55":{"start":{"line":133,"column":40},"end":{"line":133,"column":74}},"56":{"start":{"line":134,"column":41},"end":{"line":134,"column":76}},"57":{"start":{"line":136,"column":38},"end":{"line":136,"column":62}},"58":{"start":{"line":137,"column":39},"end":{"line":137,"column":64}},"59":{"start":{"line":140,"column":4},"end":{"line":165,"column":5}},"60":{"start":{"line":142,"column":6},"end":{"line":142,"column":17}},"61":{"start":{"line":143,"column":6},"end":{"line":143,"column":28}},"62":{"start":{"line":144,"column":6},"end":{"line":144,"column":40}},"63":{"start":{"line":145,"column":6},"end":{"line":145,"column":35}},"64":{"start":{"line":146,"column":6},"end":{"line":146,"column":33}},"65":{"start":{"line":147,"column":6},"end":{"line":147,"column":37}},"66":{"start":{"line":148,"column":6},"end":{"line":148,"column":40}},"67":{"start":{"line":150,"column":6},"end":{"line":150,"column":40}},"68":{"start":{"line":152,"column":11},"end":{"line":165,"column":5}},"69":{"start":{"line":154,"column":6},"end":{"line":154,"column":17}},"70":{"start":{"line":155,"column":6},"end":{"line":155,"column":28}},"71":{"start":{"line":156,"column":6},"end":{"line":156,"column":40}},"72":{"start":{"line":157,"column":6},"end":{"line":157,"column":35}},"73":{"start":{"line":158,"column":6},"end":{"line":158,"column":34}},"74":{"start":{"line":159,"column":6},"end":{"line":159,"column":37}},"75":{"start":{"line":160,"column":6},"end":{"line":160,"column":40}},"76":{"start":{"line":161,"column":6},"end":{"line":161,"column":40}},"77":{"start":{"line":164,"column":6},"end":{"line":164,"column":35}}},"fnMap":{"0":{"name":"(anonymous_0)","decl":{"start":{"line":11,"column":2},"end":{"line":11,"column":3}},"loc":{"start":{"line":11,"column":33},"end":{"line":14,"column":3}},"line":11},"1":{"name":"(anonymous_1)","decl":{"start":{"line":17,"column":17},"end":{"line":17,"column":18}},"loc":{"start":{"line":17,"column":48},"end":{"line":40,"column":1}},"line":17},"2":{"name":"pushToAllShotLocations","decl":{"start":{"line":45,"column":16},"end":{"line":45,"column":38}},"loc":{"start":{"line":45,"column":61},"end":{"line":49,"column":1}},"line":45},"3":{"name":"pushToUniqueLocations","decl":{"start":{"line":51,"column":16},"end":{"line":51,"column":37}},"loc":{"start":{"line":51,"column":60},"end":{"line":61,"column":1}},"line":51},"4":{"name":"checkForDups","decl":{"start":{"line":63,"column":16},"end":{"line":63,"column":28}},"loc":{"start":{"line":63,"column":51},"end":{"line":72,"column":1}},"line":63},"5":{"name":"pushToAllDamagedLocations","decl":{"start":{"line":75,"column":16},"end":{"line":75,"column":41}},"loc":{"start":{"line":75,"column":63},"end":{"line":77,"column":1}},"line":75},"6":{"name":"(anonymous_6)","decl":{"start":{"line":79,"column":14},"end":{"line":79,"column":15}},"loc":{"start":{"line":79,"column":31},"end":{"line":79,"column":65}},"line":79},"7":{"name":"(anonymous_7)","decl":{"start":{"line":79,"column":44},"end":{"line":79,"column":45}},"loc":{"start":{"line":79,"column":49},"end":{"line":79,"column":64}},"line":79},"8":{"name":"pushToAllDamagedShips","decl":{"start":{"line":80,"column":16},"end":{"line":80,"column":37}},"loc":{"start":{"line":80,"column":46},"end":{"line":93,"column":1}},"line":80},"9":{"name":"showPlayerShipsLocations","decl":{"start":{"line":97,"column":16},"end":{"line":97,"column":40}},"loc":{"start":{"line":97,"column":44},"end":{"line":106,"column":1}},"line":97},"10":{"name":"checkForDamagedLocations","decl":{"start":{"line":108,"column":16},"end":{"line":108,"column":40}},"loc":{"start":{"line":108,"column":62},"end":{"line":122,"column":1}},"line":108},"11":{"name":"(anonymous_11)","decl":{"start":{"line":125,"column":33},"end":{"line":125,"column":34}},"loc":{"start":{"line":125,"column":58},"end":{"line":127,"column":1}},"line":125},"12":{"name":"checkWinner","decl":{"start":{"line":130,"column":16},"end":{"line":130,"column":27}},"loc":{"start":{"line":130,"column":55},"end":{"line":166,"column":1}},"line":130}},"branchMap":{"0":{"loc":{"start":{"line":20,"column":12},"end":{"line":28,"column":13}},"type":"if","locations":[{"start":{"line":20,"column":12},"end":{"line":28,"column":13}},{"start":{"line":20,"column":12},"end":{"line":28,"column":13}}],"line":20},"1":{"loc":{"start":{"line":21,"column":16},"end":{"line":22,"column":66}},"type":"binary-expr","locations":[{"start":{"line":21,"column":16},"end":{"line":21,"column":66}},{"start":{"line":22,"column":16},"end":{"line":22,"column":66}}],"line":21},"2":{"loc":{"start":{"line":32,"column":4},"end":{"line":38,"column":5}},"type":"if","locations":[{"start":{"line":32,"column":4},"end":{"line":38,"column":5}},{"start":{"line":32,"column":4},"end":{"line":38,"column":5}}],"line":32},"3":{"loc":{"start":{"line":52,"column":2},"end":{"line":59,"column":3}},"type":"if","locations":[{"start":{"line":52,"column":2},"end":{"line":59,"column":3}},{"start":{"line":52,"column":2},"end":{"line":59,"column":3}}],"line":52},"4":{"loc":{"start":{"line":68,"column":6},"end":{"line":70,"column":7}},"type":"if","locations":[{"start":{"line":68,"column":6},"end":{"line":70,"column":7}},{"start":{"line":68,"column":6},"end":{"line":70,"column":7}}],"line":68},"5":{"loc":{"start":{"line":85,"column":6},"end":{"line":91,"column":5}},"type":"if","locations":[{"start":{"line":85,"column":6},"end":{"line":91,"column":5}},{"start":{"line":85,"column":6},"end":{"line":91,"column":5}}],"line":85},"6":{"loc":{"start":{"line":86,"column":8},"end":{"line":90,"column":7}},"type":"if","locations":[{"start":{"line":86,"column":8},"end":{"line":90,"column":7}},{"start":{"line":86,"column":8},"end":{"line":90,"column":7}}],"line":86},"7":{"loc":{"start":{"line":111,"column":6},"end":{"line":118,"column":7}},"type":"if","locations":[{"start":{"line":111,"column":6},"end":{"line":118,"column":7}},{"start":{"line":111,"column":6},"end":{"line":118,"column":7}}],"line":111},"8":{"loc":{"start":{"line":112,"column":8},"end":{"line":115,"column":59}},"type":"binary-expr","locations":[{"start":{"line":112,"column":8},"end":{"line":112,"column":55}},{"start":{"line":113,"column":8},"end":{"line":113,"column":55}},{"start":{"line":114,"column":8},"end":{"line":114,"column":59}},{"start":{"line":115,"column":8},"end":{"line":115,"column":59}}],"line":112},"9":{"loc":{"start":{"line":140,"column":4},"end":{"line":165,"column":5}},"type":"if","locations":[{"start":{"line":140,"column":4},"end":{"line":165,"column":5}},{"start":{"line":140,"column":4},"end":{"line":165,"column":5}}],"line":140},"10":{"loc":{"start":{"line":140,"column":8},"end":{"line":141,"column":72}},"type":"binary-expr","locations":[{"start":{"line":140,"column":8},"end":{"line":140,"column":70}},{"start":{"line":141,"column":9},"end":{"line":141,"column":72}}],"line":140},"11":{"loc":{"start":{"line":152,"column":11},"end":{"line":165,"column":5}},"type":"if","locations":[{"start":{"line":152,"column":11},"end":{"line":165,"column":5}},{"start":{"line":152,"column":11},"end":{"line":165,"column":5}}],"line":152},"12":{"loc":{"start":{"line":152,"column":15},"end":{"line":153,"column":70}},"type":"binary-expr","locations":[{"start":{"line":152,"column":15},"end":{"line":152,"column":77}},{"start":{"line":153,"column":9},"end":{"line":153,"column":70}}],"line":152}},"s":{"0":1,"1":1,"2":1,"3":1,"4":1,"5":1,"6":1,"7":20,"8":20,"9":30,"10":30,"11":65,"12":16,"13":16,"14":20,"15":4,"16":4,"17":2,"18":2,"19":2,"20":1,"21":1,"22":0,"23":0,"24":0,"25":0,"26":0,"27":16,"28":1,"29":2,"30":7,"31":1,"32":1,"33":2,"34":2,"35":2,"36":1,"37":0,"38":1,"39":0,"40":0,"41":0,"42":0,"43":0,"44":0,"45":0,"46":3,"47":3,"48":3,"49":3,"50":5,"51":2,"52":1,"53":1,"54":4,"55":1,"56":1,"57":1,"58":1,"59":1,"60":1,"61":1,"62":1,"63":1,"64":0,"65":0,"66":0,"67":0,"68":0,"69":0,"70":0,"71":0,"72":0,"73":0,"74":0,"75":0,"76":0,"77":0},"f":{"0":1,"1":20,"2":2,"3":2,"4":0,"5":16,"6":2,"7":7,"8":1,"9":0,"10":3,"11":4,"12":1},"b":{"0":[16,49],"1":[65,36],"2":[4,16],"3":[1,1],"4":[0,0],"5":[1,1],"6":[0,1],"7":[2,3],"8":[5,3,2,2],"9":[1,0],"10":[1,1],"11":[0,0],"12":[0,0]},"_coverageSchema":"1a1c01bbd47fc00a2c39e90264f33305004495a9","hash":"5acbb587ac6c44b750c39fbcf9a4b130abc9ec59"}
}
