TN:
SF:src\controller.js
FN:10,displayPlayerTurn
FN:15,displayComputerTurn
FN:20,destroyedComputerLocation
FN:31,destroyedPlayerLocation
FN:39,displayWinner
FN:47,displayMissedShot
FNF:6
FNH:1
FNDA:0,displayPlayerTurn
FNDA:0,displayComputerTurn
FNDA:0,destroyedComputerLocation
FNDA:0,destroyedPlayerLocation
FNDA:0,displayWinner
FNDA:4,displayMissedShot
DA:5,1
DA:6,1
DA:11,0
DA:12,0
DA:16,0
DA:17,0
DA:21,0
DA:22,0
DA:23,0
DA:24,0
DA:25,0
DA:26,0
DA:28,0
DA:32,0
DA:33,0
DA:34,0
DA:35,0
DA:36,0
DA:40,0
DA:41,0
DA:48,4
DA:49,4
DA:51,4
DA:52,0
DA:53,0
DA:54,0
DA:55,0
DA:56,0
DA:57,4
DA:58,0
DA:59,0
DA:60,0
DA:61,0
DA:62,0
LF:34
LH:6
BRDA:51,0,0,0
BRDA:51,0,1,4
BRDA:57,1,0,0
BRDA:57,1,1,4
BRF:4
BRH:2
end_of_record
TN:
SF:src\gameboard.js
FN:12,renderGameBoards
FNF:1
FNH:0
FNDA:0,renderGameBoards
DA:2,1
DA:3,1
DA:5,1
DA:6,10
DA:7,100
DA:8,100
DA:14,0
DA:15,0
DA:16,0
DA:17,0
DA:18,0
DA:19,0
DA:24,0
DA:25,0
DA:26,0
DA:27,0
DA:28,0
DA:29,0
LF:18
LH:6
BRF:0
BRH:0
end_of_record
TN:
SF:src\players.js
FN:2,(anonymous_0)
FN:19,checkForAvailabilityAndPushTorandomNumbersArr
FN:28,checkForAvailabilityAndPushTorandomNumbersArr2
FNF:3
FNH:3
FNDA:5,(anonymous_0)
FNDA:62,checkForAvailabilityAndPushTorandomNumbersArr
FNDA:72,checkForAvailabilityAndPushTorandomNumbersArr2
DA:4,5
DA:5,5
DA:6,5
DA:7,5
DA:8,5
DA:9,5
DA:10,5
DA:11,5
DA:17,2
DA:18,2
DA:20,62
DA:21,20
DA:23,42
DA:24,42
DA:29,72
DA:30,20
DA:32,52
DA:33,52
DA:37,2
DA:38,20
DA:39,20
DA:42,2
DA:43,20
DA:44,20
DA:49,2
DA:92,2
LF:26
LH:26
BRDA:20,0,0,20
BRDA:20,0,1,42
BRDA:29,1,0,20
BRDA:29,1,1,52
BRF:4
BRH:4
end_of_record
TN:
SF:src\ship.js
FN:12,(anonymous_0)
FN:18,(anonymous_1)
FN:46,pushToAllShotLocations
FN:52,pushToUniqueLocations
FN:63,checkForDups
FN:70,pushToAllDamagedLocations
FN:74,(anonymous_6)
FN:74,(anonymous_7)
FN:75,pushToAllDamagedShips
FN:92,showPlayerShipsLocations
FN:103,checkForDamagedLocations
FN:120,(anonymous_11)
FN:125,checkWinner
FNF:13
FNH:11
FNDA:1,(anonymous_0)
FNDA:20,(anonymous_1)
FNDA:2,pushToAllShotLocations
FNDA:2,pushToUniqueLocations
FNDA:0,checkForDups
FNDA:16,pushToAllDamagedLocations
FNDA:2,(anonymous_6)
FNDA:7,(anonymous_7)
FNDA:1,pushToAllDamagedShips
FNDA:0,showPlayerShipsLocations
FNDA:3,checkForDamagedLocations
FNDA:4,(anonymous_11)
FNDA:1,checkWinner
DA:6,1
DA:7,1
DA:8,1
DA:9,1
DA:10,1
DA:13,1
DA:14,1
DA:18,1
DA:19,20
DA:20,30
DA:21,65
DA:25,16
DA:26,16
DA:33,20
DA:35,4
DA:36,4
DA:47,2
DA:48,2
DA:53,2
DA:54,1
DA:57,1
DA:64,0
DA:65,0
DA:71,16
DA:74,7
DA:77,1
DA:78,2
DA:79,2
DA:80,2
DA:81,1
DA:82,0
DA:84,1
DA:93,0
DA:94,0
DA:95,0
DA:96,0
DA:97,0
DA:104,3
DA:105,3
DA:106,5
DA:112,2
DA:115,1
DA:120,1
DA:121,4
DA:128,1
DA:129,1
DA:131,1
DA:132,1
DA:135,1
DA:137,1
DA:138,1
DA:139,1
DA:140,1
DA:141,0
DA:142,0
DA:143,0
DA:144,0
DA:145,0
DA:146,0
DA:148,0
DA:150,0
DA:151,0
DA:152,0
DA:153,0
DA:154,0
DA:155,0
DA:156,0
DA:157,0
DA:158,0
DA:159,0
DA:162,0
LF:71
LH:45
BRDA:21,0,0,16
BRDA:21,0,1,49
BRDA:22,1,0,65
BRDA:22,1,1,36
BRDA:33,2,0,4
BRDA:33,2,1,16
BRDA:53,3,0,1
BRDA:53,3,1,1
BRDA:64,4,0,0
BRDA:64,4,1,0
BRDA:80,5,0,1
BRDA:80,5,1,1
BRDA:81,6,0,0
BRDA:81,6,1,1
BRDA:106,7,0,2
BRDA:106,7,1,3
BRDA:107,8,0,5
BRDA:107,8,1,3
BRDA:107,8,2,2
BRDA:107,8,3,2
BRDA:135,9,0,1
BRDA:135,9,1,0
BRDA:135,10,0,1
BRDA:135,10,1,1
BRDA:148,11,0,0
BRDA:148,11,1,0
BRDA:148,12,0,0
BRDA:148,12,1,0
BRF:28
BRH:20
end_of_record
