TN:
SF:src\controller.js
FN:10,displayPlayerTurn
FN:15,displayComputerTurn
FN:20,destroyedComputerLocation
FN:31,destroyedPlayerLocation
FN:39,displayWinner
FN:47,displayMissedShot
FNF:6
FNH:1
FNDA:0,displayPlayerTurn
FNDA:0,displayComputerTurn
FNDA:0,destroyedComputerLocation
FNDA:0,destroyedPlayerLocation
FNDA:0,displayWinner
FNDA:4,displayMissedShot
DA:5,1
DA:6,1
DA:11,0
DA:12,0
DA:16,0
DA:17,0
DA:21,0
DA:22,0
DA:23,0
DA:24,0
DA:25,0
DA:26,0
DA:28,0
DA:32,0
DA:33,0
DA:34,0
DA:35,0
DA:36,0
DA:40,0
DA:41,0
DA:48,4
DA:49,4
DA:51,4
DA:52,0
DA:53,0
DA:54,0
DA:55,0
DA:56,0
DA:57,4
DA:58,0
DA:59,0
DA:60,0
DA:61,0
DA:62,0
LF:34
LH:6
BRDA:51,0,0,0
BRDA:51,0,1,4
BRDA:57,1,0,0
BRDA:57,1,1,4
BRF:4
BRH:2
end_of_record
TN:
SF:src\gameboard.js
FN:12,renderGameBoards
FNF:1
FNH:0
FNDA:0,renderGameBoards
DA:2,1
DA:3,1
DA:5,1
DA:6,10
DA:7,100
DA:8,100
DA:14,0
DA:15,0
DA:16,0
DA:17,0
DA:18,0
DA:19,0
DA:24,0
DA:25,0
DA:26,0
DA:27,0
DA:28,0
DA:29,0
LF:18
LH:6
BRF:0
BRH:0
end_of_record
TN:
SF:src\players.js
FN:2,(anonymous_0)
FN:19,checkForAvailabilityAndPushTorandomNumbersArr
FN:28,checkForAvailabilityAndPushTorandomNumbersArr2
FNF:3
FNH:3
FNDA:5,(anonymous_0)
FNDA:48,checkForAvailabilityAndPushTorandomNumbersArr
FNDA:46,checkForAvailabilityAndPushTorandomNumbersArr2
DA:4,5
DA:5,5
DA:6,5
DA:7,5
DA:8,5
DA:9,5
DA:10,5
DA:11,5
DA:17,2
DA:18,2
DA:20,48
DA:21,20
DA:23,28
DA:24,28
DA:29,46
DA:30,20
DA:32,26
DA:33,26
DA:37,2
DA:38,20
DA:39,20
DA:42,2
DA:43,20
DA:44,20
DA:49,2
DA:92,2
LF:26
LH:26
BRDA:20,0,0,20
BRDA:20,0,1,28
BRDA:29,1,0,20
BRDA:29,1,1,26
BRF:4
BRH:4
end_of_record
TN:
SF:src\ship.js
FN:11,(anonymous_0)
FN:17,(anonymous_1)
FN:45,pushToAllShotLocations
FN:51,pushToUniqueLocations
FN:63,checkForDups
FN:75,pushToAllDamagedLocations
FN:79,(anonymous_6)
FN:79,(anonymous_7)
FN:80,pushToAllDamagedShips
FN:97,showPlayerShipsLocations
FN:108,checkForDamagedLocations
FN:125,(anonymous_11)
FN:130,checkWinner
FNF:13
FNH:11
FNDA:1,(anonymous_0)
FNDA:20,(anonymous_1)
FNDA:2,pushToAllShotLocations
FNDA:2,pushToUniqueLocations
FNDA:0,checkForDups
FNDA:16,pushToAllDamagedLocations
FNDA:2,(anonymous_6)
FNDA:7,(anonymous_7)
FNDA:1,pushToAllDamagedShips
FNDA:0,showPlayerShipsLocations
FNDA:3,checkForDamagedLocations
FNDA:4,(anonymous_11)
FNDA:1,checkWinner
DA:5,1
DA:6,1
DA:7,1
DA:8,1
DA:12,1
DA:13,1
DA:17,1
DA:18,20
DA:19,30
DA:20,65
DA:24,16
DA:25,16
DA:32,20
DA:34,4
DA:35,4
DA:46,2
DA:47,2
DA:52,2
DA:53,1
DA:57,1
DA:64,0
DA:65,0
DA:66,0
DA:68,0
DA:69,0
DA:76,16
DA:79,7
DA:82,1
DA:83,2
DA:84,2
DA:85,2
DA:86,1
DA:87,0
DA:89,1
DA:98,0
DA:99,0
DA:100,0
DA:101,0
DA:102,0
DA:109,3
DA:110,3
DA:111,5
DA:117,2
DA:120,1
DA:125,1
DA:126,4
DA:133,1
DA:134,1
DA:136,1
DA:137,1
DA:140,1
DA:142,1
DA:143,1
DA:144,1
DA:145,1
DA:146,0
DA:147,0
DA:148,0
DA:150,0
DA:152,0
DA:154,0
DA:155,0
DA:156,0
DA:157,0
DA:158,0
DA:159,0
DA:160,0
DA:161,0
DA:164,0
LF:69
LH:44
BRDA:20,0,0,16
BRDA:20,0,1,49
BRDA:21,1,0,65
BRDA:21,1,1,36
BRDA:32,2,0,4
BRDA:32,2,1,16
BRDA:52,3,0,1
BRDA:52,3,1,1
BRDA:68,4,0,0
BRDA:68,4,1,0
BRDA:85,5,0,1
BRDA:85,5,1,1
BRDA:86,6,0,0
BRDA:86,6,1,1
BRDA:111,7,0,2
BRDA:111,7,1,3
BRDA:112,8,0,5
BRDA:112,8,1,3
BRDA:112,8,2,2
BRDA:112,8,3,2
BRDA:140,9,0,1
BRDA:140,9,1,0
BRDA:140,10,0,1
BRDA:140,10,1,1
BRDA:152,11,0,0
BRDA:152,11,1,0
BRDA:152,12,0,0
BRDA:152,12,1,0
BRF:28
BRH:20
end_of_record
